<?xml version="1.0" encoding="UTF-8"?>
<testsuite name="com.learnreactivespring.controller.FluxAndMonoControllerTest" tests="6" skipped="0" failures="0" errors="0" timestamp="2020-09-25T00:44:52" hostname="PF1ZEW4B" time="3.601">
  <properties/>
  <testcase name="fluxStream" classname="com.learnreactivespring.controller.FluxAndMonoControllerTest" time="3.541"/>
  <testcase name="mono" classname="com.learnreactivespring.controller.FluxAndMonoControllerTest" time="0.017"/>
  <testcase name="flux_approach1" classname="com.learnreactivespring.controller.FluxAndMonoControllerTest" time="0.016"/>
  <testcase name="flux_approach2" classname="com.learnreactivespring.controller.FluxAndMonoControllerTest" time="0.009"/>
  <testcase name="flux_approach3" classname="com.learnreactivespring.controller.FluxAndMonoControllerTest" time="0.009"/>
  <testcase name="flux_approach4" classname="com.learnreactivespring.controller.FluxAndMonoControllerTest" time="0.007"/>
  <system-out><![CDATA[20:44:46.847 [Test worker] DEBUG org.springframework.test.context.junit4.SpringJUnit4ClassRunner - SpringJUnit4ClassRunner constructor called with [class com.learnreactivespring.controller.FluxAndMonoControllerTest]
20:44:46.860 [Test worker] DEBUG org.springframework.test.context.BootstrapUtils - Instantiating CacheAwareContextLoaderDelegate from class [org.springframework.test.context.cache.DefaultCacheAwareContextLoaderDelegate]
20:44:46.870 [Test worker] DEBUG org.springframework.test.context.BootstrapUtils - Instantiating BootstrapContext using constructor [public org.springframework.test.context.support.DefaultBootstrapContext(java.lang.Class,org.springframework.test.context.CacheAwareContextLoaderDelegate)]
20:44:46.896 [Test worker] DEBUG org.springframework.test.context.BootstrapUtils - Instantiating TestContextBootstrapper for test class [com.learnreactivespring.controller.FluxAndMonoControllerTest] from class [org.springframework.boot.test.context.SpringBootTestContextBootstrapper]
20:44:46.910 [Test worker] INFO org.springframework.boot.test.context.SpringBootTestContextBootstrapper - Neither @ContextConfiguration nor @ContextHierarchy found for test class [com.learnreactivespring.controller.FluxAndMonoControllerTest], using SpringBootContextLoader
20:44:46.915 [Test worker] DEBUG org.springframework.test.context.support.AbstractContextLoader - Did not detect default resource location for test class [com.learnreactivespring.controller.FluxAndMonoControllerTest]: class path resource [com/learnreactivespring/controller/FluxAndMonoControllerTest-context.xml] does not exist
20:44:46.916 [Test worker] DEBUG org.springframework.test.context.support.AbstractContextLoader - Did not detect default resource location for test class [com.learnreactivespring.controller.FluxAndMonoControllerTest]: class path resource [com/learnreactivespring/controller/FluxAndMonoControllerTestContext.groovy] does not exist
20:44:46.916 [Test worker] INFO org.springframework.test.context.support.AbstractContextLoader - Could not detect default resource locations for test class [com.learnreactivespring.controller.FluxAndMonoControllerTest]: no resource found for suffixes {-context.xml, Context.groovy}.
20:44:46.917 [Test worker] INFO org.springframework.test.context.support.AnnotationConfigContextLoaderUtils - Could not detect default configuration classes for test class [com.learnreactivespring.controller.FluxAndMonoControllerTest]: FluxAndMonoControllerTest does not declare any static, non-private, non-final, nested classes annotated with @Configuration.
20:44:46.984 [Test worker] DEBUG org.springframework.test.context.support.ActiveProfilesUtils - Could not find an 'annotation declaring class' for annotation type [org.springframework.test.context.ActiveProfiles] and class [com.learnreactivespring.controller.FluxAndMonoControllerTest]
20:44:47.080 [Test worker] DEBUG org.springframework.context.annotation.ClassPathScanningCandidateComponentProvider - Identified candidate component class: file [C:\workspacesRVR\learn-reactivespring\build\classes\java\main\com\learnreactivespring\LearnReactivespringApplication.class]
20:44:47.082 [Test worker] INFO org.springframework.boot.test.context.SpringBootTestContextBootstrapper - Found @SpringBootConfiguration com.learnreactivespring.LearnReactivespringApplication for test class com.learnreactivespring.controller.FluxAndMonoControllerTest
20:44:47.214 [Test worker] DEBUG org.springframework.boot.test.context.SpringBootTestContextBootstrapper - @TestExecutionListeners is not present for class [com.learnreactivespring.controller.FluxAndMonoControllerTest]: using defaults.
20:44:47.216 [Test worker] INFO org.springframework.boot.test.context.SpringBootTestContextBootstrapper - Loaded default TestExecutionListener class names from location [META-INF/spring.factories]: [org.springframework.boot.test.autoconfigure.restdocs.RestDocsTestExecutionListener, org.springframework.boot.test.autoconfigure.web.client.MockRestServiceServerResetTestExecutionListener, org.springframework.boot.test.autoconfigure.web.servlet.MockMvcPrintOnlyOnFailureTestExecutionListener, org.springframework.boot.test.autoconfigure.web.servlet.WebDriverTestExecutionListener, org.springframework.boot.test.mock.mockito.MockitoTestExecutionListener, org.springframework.boot.test.mock.mockito.ResetMocksTestExecutionListener, org.springframework.test.context.web.ServletTestExecutionListener, org.springframework.test.context.support.DirtiesContextBeforeModesTestExecutionListener, org.springframework.test.context.support.DependencyInjectionTestExecutionListener, org.springframework.test.context.support.DirtiesContextTestExecutionListener, org.springframework.test.context.transaction.TransactionalTestExecutionListener, org.springframework.test.context.jdbc.SqlScriptsTestExecutionListener]
20:44:47.228 [Test worker] DEBUG org.springframework.boot.test.context.SpringBootTestContextBootstrapper - Skipping candidate TestExecutionListener [org.springframework.test.context.web.ServletTestExecutionListener] due to a missing dependency. Specify custom listener classes or make the default listener classes and their required dependencies available. Offending class: [javax/servlet/ServletContext]
20:44:47.230 [Test worker] DEBUG org.springframework.boot.test.context.SpringBootTestContextBootstrapper - Skipping candidate TestExecutionListener [org.springframework.test.context.transaction.TransactionalTestExecutionListener] due to a missing dependency. Specify custom listener classes or make the default listener classes and their required dependencies available. Offending class: [org/springframework/transaction/interceptor/TransactionAttributeSource]
20:44:47.231 [Test worker] DEBUG org.springframework.boot.test.context.SpringBootTestContextBootstrapper - Skipping candidate TestExecutionListener [org.springframework.test.context.jdbc.SqlScriptsTestExecutionListener] due to a missing dependency. Specify custom listener classes or make the default listener classes and their required dependencies available. Offending class: [org/springframework/transaction/interceptor/TransactionAttribute]
20:44:47.232 [Test worker] INFO org.springframework.boot.test.context.SpringBootTestContextBootstrapper - Using TestExecutionListeners: [org.springframework.test.context.support.DirtiesContextBeforeModesTestExecutionListener@57403871, org.springframework.boot.test.mock.mockito.MockitoTestExecutionListener@19082631, org.springframework.boot.test.autoconfigure.SpringBootDependencyInjectionTestExecutionListener@67efa658, org.springframework.test.context.support.DirtiesContextTestExecutionListener@61885f76, org.springframework.boot.test.autoconfigure.restdocs.RestDocsTestExecutionListener@37dd6086, org.springframework.boot.test.autoconfigure.web.client.MockRestServiceServerResetTestExecutionListener@6f3ce1e2, org.springframework.boot.test.autoconfigure.web.servlet.MockMvcPrintOnlyOnFailureTestExecutionListener@757b573b, org.springframework.boot.test.autoconfigure.web.servlet.WebDriverTestExecutionListener@562bd50d, org.springframework.boot.test.mock.mockito.ResetMocksTestExecutionListener@aae461e]
20:44:47.235 [Test worker] DEBUG org.springframework.test.annotation.ProfileValueUtils - Retrieved @ProfileValueSourceConfiguration [null] for test class [com.learnreactivespring.controller.FluxAndMonoControllerTest]
20:44:47.236 [Test worker] DEBUG org.springframework.test.annotation.ProfileValueUtils - Retrieved ProfileValueSource type [class org.springframework.test.annotation.SystemProfileValueSource] for class [com.learnreactivespring.controller.FluxAndMonoControllerTest]
20:44:47.237 [Test worker] DEBUG org.springframework.test.annotation.ProfileValueUtils - Retrieved @ProfileValueSourceConfiguration [null] for test class [com.learnreactivespring.controller.FluxAndMonoControllerTest]
20:44:47.238 [Test worker] DEBUG org.springframework.test.annotation.ProfileValueUtils - Retrieved ProfileValueSource type [class org.springframework.test.annotation.SystemProfileValueSource] for class [com.learnreactivespring.controller.FluxAndMonoControllerTest]
20:44:47.243 [Test worker] DEBUG org.springframework.test.context.support.AbstractDirtiesContextTestExecutionListener - Before test class: context [DefaultTestContext@7e3aae83 testClass = FluxAndMonoControllerTest, testInstance = [null], testMethod = [null], testException = [null], mergedContextConfiguration = [ReactiveWebMergedContextConfiguration@560f1476 testClass = FluxAndMonoControllerTest, locations = '{}', classes = '{class com.learnreactivespring.LearnReactivespringApplication}', contextInitializerClasses = '[]', activeProfiles = '{}', propertySourceLocations = '{}', propertySourceProperties = '{org.springframework.boot.test.context.SpringBootTestContextBootstrapper=true}', contextCustomizers = set[org.springframework.boot.test.autoconfigure.properties.PropertyMappingContextCustomizer@ec54a5c9, org.springframework.boot.test.autoconfigure.web.servlet.WebDriverContextCustomizerFactory$Customizer@2b70cbee, [ImportsContextCustomizer@57780a2f key = [org.springframework.boot.autoconfigure.security.reactive.ReactiveSecurityAutoConfiguration, org.springframework.boot.autoconfigure.security.reactive.ReactiveUserDetailsServiceAutoConfiguration, org.springframework.boot.test.autoconfigure.web.reactive.WebTestClientAutoConfiguration]], org.springframework.boot.test.context.filter.ExcludeFilterContextCustomizer@ae0447c, org.springframework.boot.test.json.DuplicateJsonObjectContextCustomizerFactory$DuplicateJsonObjectContextCustomizer@26f2ddd2, org.springframework.boot.test.mock.mockito.MockitoContextCustomizer@0, org.springframework.boot.test.web.client.TestRestTemplateContextCustomizer@553e4fe2, org.springframework.boot.test.web.reactive.server.WebTestClientContextCustomizer@4cdf70c0], contextLoader = 'org.springframework.boot.test.context.SpringBootContextLoader', parent = [null]], attributes = map[[empty]]], class annotated with @DirtiesContext [true] with mode [AFTER_CLASS].
20:44:47.244 [Test worker] DEBUG org.springframework.test.annotation.ProfileValueUtils - Retrieved @ProfileValueSourceConfiguration [null] for test class [com.learnreactivespring.controller.FluxAndMonoControllerTest]
20:44:47.245 [Test worker] DEBUG org.springframework.test.annotation.ProfileValueUtils - Retrieved ProfileValueSource type [class org.springframework.test.annotation.SystemProfileValueSource] for class [com.learnreactivespring.controller.FluxAndMonoControllerTest]
20:44:47.251 [Test worker] DEBUG org.springframework.test.context.support.DependencyInjectionTestExecutionListener - Performing dependency injection for test context [[DefaultTestContext@7e3aae83 testClass = FluxAndMonoControllerTest, testInstance = com.learnreactivespring.controller.FluxAndMonoControllerTest@4b386fa5, testMethod = [null], testException = [null], mergedContextConfiguration = [ReactiveWebMergedContextConfiguration@560f1476 testClass = FluxAndMonoControllerTest, locations = '{}', classes = '{class com.learnreactivespring.LearnReactivespringApplication}', contextInitializerClasses = '[]', activeProfiles = '{}', propertySourceLocations = '{}', propertySourceProperties = '{org.springframework.boot.test.context.SpringBootTestContextBootstrapper=true}', contextCustomizers = set[org.springframework.boot.test.autoconfigure.properties.PropertyMappingContextCustomizer@ec54a5c9, org.springframework.boot.test.autoconfigure.web.servlet.WebDriverContextCustomizerFactory$Customizer@2b70cbee, [ImportsContextCustomizer@57780a2f key = [org.springframework.boot.autoconfigure.security.reactive.ReactiveSecurityAutoConfiguration, org.springframework.boot.autoconfigure.security.reactive.ReactiveUserDetailsServiceAutoConfiguration, org.springframework.boot.test.autoconfigure.web.reactive.WebTestClientAutoConfiguration]], org.springframework.boot.test.context.filter.ExcludeFilterContextCustomizer@ae0447c, org.springframework.boot.test.json.DuplicateJsonObjectContextCustomizerFactory$DuplicateJsonObjectContextCustomizer@26f2ddd2, org.springframework.boot.test.mock.mockito.MockitoContextCustomizer@0, org.springframework.boot.test.web.client.TestRestTemplateContextCustomizer@553e4fe2, org.springframework.boot.test.web.reactive.server.WebTestClientContextCustomizer@4cdf70c0], contextLoader = 'org.springframework.boot.test.context.SpringBootContextLoader', parent = [null]], attributes = map[[empty]]]].
20:44:47.286 [Test worker] DEBUG org.springframework.test.context.support.TestPropertySourceUtils - Adding inlined properties to environment: {spring.jmx.enabled=false, org.springframework.boot.test.context.SpringBootTestContextBootstrapper=true, server.port=-1}

  .   ____          _            __ _ _
 /\\ / ___'_ __ _ _(_)_ __  __ _ \ \ \ \
( ( )\___ | '_ | '_| | '_ \/ _` | \ \ \ \
 \\/  ___)| |_)| | | | | || (_| |  ) ) ) )
  '  |____| .__|_| |_|_| |_\__, | / / / /
 =========|_|==============|___/=/_/_/_/
 :: Spring Boot ::        (v2.1.1.RELEASE)

2020-09-24 20:44:47.816  INFO 5772 --- [    Test worker] c.l.c.FluxAndMonoControllerTest          : Starting FluxAndMonoControllerTest on PF1ZEW4B with PID 5772 (started by valm044 in C:\workspacesRVR\learn-reactivespring)
2020-09-24 20:44:47.817  INFO 5772 --- [    Test worker] c.l.c.FluxAndMonoControllerTest          : The following profiles are active: nonprod
2020-09-24 20:44:52.428  WARN 5772 --- [    Test worker] a.w.s.ManagementContextAutoConfiguration : Could not start embedded management container on different port (management endpoints are still available through JMX)
2020-09-24 20:44:52.459  INFO 5772 --- [    Test worker] c.l.c.FluxAndMonoControllerTest          : Started FluxAndMonoControllerTest in 5.163 seconds (JVM running for 7.188)
2020-09-24 20:44:53.002  INFO 5772 --- [    Test worker] reactor.Flux.Interval.1                  : onSubscribe(FluxInterval.IntervalRunnable)
2020-09-24 20:44:53.004  INFO 5772 --- [    Test worker] reactor.Flux.Interval.1                  : request(1)
2020-09-24 20:44:54.007  INFO 5772 --- [     parallel-1] reactor.Flux.Interval.1                  : onNext(0)
2020-09-24 20:44:54.097  INFO 5772 --- [    Test worker] reactor.Flux.Interval.1                  : request(31)
2020-09-24 20:44:55.007  INFO 5772 --- [     parallel-1] reactor.Flux.Interval.1                  : onNext(1)
2020-09-24 20:44:56.008  INFO 5772 --- [     parallel-1] reactor.Flux.Interval.1                  : onNext(2)
2020-09-24 20:44:56.009  INFO 5772 --- [     parallel-1] reactor.Flux.Interval.1                  : cancel()
2020-09-24 20:44:56.023  INFO 5772 --- [    Test worker] reactor.Mono.Just.2                      : | onSubscribe([Synchronous Fuseable] Operators.ScalarSubscription)
2020-09-24 20:44:56.023  INFO 5772 --- [    Test worker] reactor.Mono.Just.2                      : | request(unbounded)
2020-09-24 20:44:56.023  INFO 5772 --- [    Test worker] reactor.Mono.Just.2                      : | onNext(1)
2020-09-24 20:44:56.026  INFO 5772 --- [    Test worker] reactor.Mono.Just.2                      : | onComplete()
2020-09-24 20:44:56.038  INFO 5772 --- [    Test worker] reactor.Flux.Array.3                     : | onSubscribe([Synchronous Fuseable] FluxArray.ArraySubscription)
2020-09-24 20:44:56.038  INFO 5772 --- [    Test worker] reactor.Flux.Array.3                     : | request(unbounded)
2020-09-24 20:44:56.038  INFO 5772 --- [    Test worker] reactor.Flux.Array.3                     : | onNext(1)
2020-09-24 20:44:56.038  INFO 5772 --- [    Test worker] reactor.Flux.Array.3                     : | onNext(2)
2020-09-24 20:44:56.038  INFO 5772 --- [    Test worker] reactor.Flux.Array.3                     : | onNext(3)
2020-09-24 20:44:56.039  INFO 5772 --- [    Test worker] reactor.Flux.Array.3                     : | onNext(4)
2020-09-24 20:44:56.039  INFO 5772 --- [    Test worker] reactor.Flux.Array.3                     : | onComplete()
2020-09-24 20:44:56.051  INFO 5772 --- [    Test worker] reactor.Flux.Array.4                     : | onSubscribe([Synchronous Fuseable] FluxArray.ArraySubscription)
2020-09-24 20:44:56.052  INFO 5772 --- [    Test worker] reactor.Flux.Array.4                     : | request(unbounded)
2020-09-24 20:44:56.052  INFO 5772 --- [    Test worker] reactor.Flux.Array.4                     : | onNext(1)
2020-09-24 20:44:56.052  INFO 5772 --- [    Test worker] reactor.Flux.Array.4                     : | onNext(2)
2020-09-24 20:44:56.052  INFO 5772 --- [    Test worker] reactor.Flux.Array.4                     : | onNext(3)
2020-09-24 20:44:56.052  INFO 5772 --- [    Test worker] reactor.Flux.Array.4                     : | onNext(4)
2020-09-24 20:44:56.052  INFO 5772 --- [    Test worker] reactor.Flux.Array.4                     : | onComplete()
2020-09-24 20:44:56.063  INFO 5772 --- [    Test worker] reactor.Flux.Array.5                     : | onSubscribe([Synchronous Fuseable] FluxArray.ArraySubscription)
2020-09-24 20:44:56.064  INFO 5772 --- [    Test worker] reactor.Flux.Array.5                     : | request(unbounded)
2020-09-24 20:44:56.064  INFO 5772 --- [    Test worker] reactor.Flux.Array.5                     : | onNext(1)
2020-09-24 20:44:56.064  INFO 5772 --- [    Test worker] reactor.Flux.Array.5                     : | onNext(2)
2020-09-24 20:44:56.064  INFO 5772 --- [    Test worker] reactor.Flux.Array.5                     : | onNext(3)
2020-09-24 20:44:56.064  INFO 5772 --- [    Test worker] reactor.Flux.Array.5                     : | onNext(4)
2020-09-24 20:44:56.064  INFO 5772 --- [    Test worker] reactor.Flux.Array.5                     : | onComplete()
2020-09-24 20:44:56.071  INFO 5772 --- [    Test worker] reactor.Flux.Array.6                     : | onSubscribe([Synchronous Fuseable] FluxArray.ArraySubscription)
2020-09-24 20:44:56.072  INFO 5772 --- [    Test worker] reactor.Flux.Array.6                     : | request(unbounded)
2020-09-24 20:44:56.072  INFO 5772 --- [    Test worker] reactor.Flux.Array.6                     : | onNext(1)
2020-09-24 20:44:56.072  INFO 5772 --- [    Test worker] reactor.Flux.Array.6                     : | onNext(2)
2020-09-24 20:44:56.072  INFO 5772 --- [    Test worker] reactor.Flux.Array.6                     : | onNext(3)
2020-09-24 20:44:56.072  INFO 5772 --- [    Test worker] reactor.Flux.Array.6                     : | onNext(4)
2020-09-24 20:44:56.072  INFO 5772 --- [    Test worker] reactor.Flux.Array.6                     : | onComplete()
]]></system-out>
  <system-err><![CDATA[]]></system-err>
</testsuite>
