<?xml version="1.0" encoding="UTF-8"?>
<testsuite name="com.learnreactivespring.handler.SampleHandlerFunctionTest" tests="2" skipped="0" failures="0" errors="0" timestamp="2020-09-25T00:44:57" hostname="PF1ZEW4B" time="0.04">
  <properties/>
  <testcase name="mono" classname="com.learnreactivespring.handler.SampleHandlerFunctionTest" time="0.027"/>
  <testcase name="flux_approach1" classname="com.learnreactivespring.handler.SampleHandlerFunctionTest" time="0.011"/>
  <system-out><![CDATA[2020-09-24 20:44:56.084  INFO 5772 --- [    Test worker] .b.t.c.SpringBootTestContextBootstrapper : Neither @ContextConfiguration nor @ContextHierarchy found for test class [com.learnreactivespring.handler.SampleHandlerFunctionTest], using SpringBootContextLoader
2020-09-24 20:44:56.086  INFO 5772 --- [    Test worker] o.s.t.c.support.AbstractContextLoader    : Could not detect default resource locations for test class [com.learnreactivespring.handler.SampleHandlerFunctionTest]: no resource found for suffixes {-context.xml, Context.groovy}.
2020-09-24 20:44:56.086  INFO 5772 --- [    Test worker] t.c.s.AnnotationConfigContextLoaderUtils : Could not detect default configuration classes for test class [com.learnreactivespring.handler.SampleHandlerFunctionTest]: SampleHandlerFunctionTest does not declare any static, non-private, non-final, nested classes annotated with @Configuration.
2020-09-24 20:44:56.099  INFO 5772 --- [    Test worker] .b.t.c.SpringBootTestContextBootstrapper : Found @SpringBootConfiguration com.learnreactivespring.LearnReactivespringApplication for test class com.learnreactivespring.handler.SampleHandlerFunctionTest
2020-09-24 20:44:56.101  INFO 5772 --- [    Test worker] .b.t.c.SpringBootTestContextBootstrapper : Loaded default TestExecutionListener class names from location [META-INF/spring.factories]: [org.springframework.boot.test.autoconfigure.restdocs.RestDocsTestExecutionListener, org.springframework.boot.test.autoconfigure.web.client.MockRestServiceServerResetTestExecutionListener, org.springframework.boot.test.autoconfigure.web.servlet.MockMvcPrintOnlyOnFailureTestExecutionListener, org.springframework.boot.test.autoconfigure.web.servlet.WebDriverTestExecutionListener, org.springframework.boot.test.mock.mockito.MockitoTestExecutionListener, org.springframework.boot.test.mock.mockito.ResetMocksTestExecutionListener, org.springframework.test.context.web.ServletTestExecutionListener, org.springframework.test.context.support.DirtiesContextBeforeModesTestExecutionListener, org.springframework.test.context.support.DependencyInjectionTestExecutionListener, org.springframework.test.context.support.DirtiesContextTestExecutionListener, org.springframework.test.context.transaction.TransactionalTestExecutionListener, org.springframework.test.context.jdbc.SqlScriptsTestExecutionListener]
2020-09-24 20:44:56.103  INFO 5772 --- [    Test worker] .b.t.c.SpringBootTestContextBootstrapper : Using TestExecutionListeners: [org.springframework.test.context.support.DirtiesContextBeforeModesTestExecutionListener@2ba974b1, org.springframework.boot.test.mock.mockito.MockitoTestExecutionListener@1bee0525, org.springframework.boot.test.autoconfigure.SpringBootDependencyInjectionTestExecutionListener@53ce845, org.springframework.test.context.support.DirtiesContextTestExecutionListener@274b721e, org.springframework.boot.test.autoconfigure.restdocs.RestDocsTestExecutionListener@47a796ba, org.springframework.boot.test.autoconfigure.web.client.MockRestServiceServerResetTestExecutionListener@2c8b7446, org.springframework.boot.test.autoconfigure.web.servlet.MockMvcPrintOnlyOnFailureTestExecutionListener@4e17df52, org.springframework.boot.test.autoconfigure.web.servlet.WebDriverTestExecutionListener@32308f0c, org.springframework.boot.test.mock.mockito.ResetMocksTestExecutionListener@4959cdb6]

  .   ____          _            __ _ _
 /\\ / ___'_ __ _ _(_)_ __  __ _ \ \ \ \
( ( )\___ | '_ | '_| | '_ \/ _` | \ \ \ \
 \\/  ___)| |_)| | | | | || (_| |  ) ) ) )
  '  |____| .__|_| |_|_| |_\__, | / / / /
 =========|_|==============|___/=/_/_/_/
 :: Spring Boot ::        (v2.1.1.RELEASE)

2020-09-24 20:44:56.168  INFO 5772 --- [    Test worker] c.l.handler.SampleHandlerFunctionTest    : Starting SampleHandlerFunctionTest on PF1ZEW4B with PID 5772 (started by valm044 in C:\workspacesRVR\learn-reactivespring)
2020-09-24 20:44:56.169  INFO 5772 --- [    Test worker] c.l.handler.SampleHandlerFunctionTest    : The following profiles are active: nonprod
2020-09-24 20:44:57.832  WARN 5772 --- [    Test worker] a.w.s.ManagementContextAutoConfiguration : Could not start embedded management container on different port (management endpoints are still available through JMX)
2020-09-24 20:44:57.843  INFO 5772 --- [    Test worker] c.l.handler.SampleHandlerFunctionTest    : Started SampleHandlerFunctionTest in 1.737 seconds (JVM running for 12.573)
2020-09-24 20:44:57.871  INFO 5772 --- [    Test worker] reactor.Mono.Just.7                      : | onSubscribe([Synchronous Fuseable] Operators.ScalarSubscription)
2020-09-24 20:44:57.871  INFO 5772 --- [    Test worker] reactor.Mono.Just.7                      : | request(unbounded)
2020-09-24 20:44:57.871  INFO 5772 --- [    Test worker] reactor.Mono.Just.7                      : | onNext(1)
2020-09-24 20:44:57.875  INFO 5772 --- [    Test worker] reactor.Mono.Just.7                      : | onComplete()
2020-09-24 20:44:57.884  INFO 5772 --- [    Test worker] reactor.Flux.Array.8                     : | onSubscribe([Synchronous Fuseable] FluxArray.ArraySubscription)
2020-09-24 20:44:57.885  INFO 5772 --- [    Test worker] reactor.Flux.Array.8                     : | request(unbounded)
2020-09-24 20:44:57.885  INFO 5772 --- [    Test worker] reactor.Flux.Array.8                     : | onNext(1)
2020-09-24 20:44:57.886  INFO 5772 --- [    Test worker] reactor.Flux.Array.8                     : | onNext(2)
2020-09-24 20:44:57.886  INFO 5772 --- [    Test worker] reactor.Flux.Array.8                     : | onNext(3)
2020-09-24 20:44:57.886  INFO 5772 --- [    Test worker] reactor.Flux.Array.8                     : | onNext(4)
2020-09-24 20:44:57.886  INFO 5772 --- [    Test worker] reactor.Flux.Array.8                     : | onComplete()
]]></system-out>
  <system-err><![CDATA[]]></system-err>
</testsuite>
